pbnilist.sln
pbnilist.vcproj
pbnilist.vcproj.conceptware.sebastien.user

main.cpp
main.h
list.cpp
list.h
vector.cpp
vector.h
pbnilist.rc
pbx2pbd90.bat

pbnilist90.pbd
pbnilist90.pbx
pbnilist100.pbd
pbnilist100.pbx
pbnilist105.pbd
pbnilist105.pbx
pbnilist115.pbd
pbnilist115.pbx
pbniregex90.pbd
pbniregex90.pbx
pbniregex100.pbd
pbniregex100.pbx
pbniregex105.pbd
pbniregex105.pbx
pbniregex115.pbd
pbniregex115.pbx

worksp*.pbw
listdemo*.pbl
listdemo*.pbt
listdemo.ini
listdemo.pbr
listdemo*.exe

readme.txt
help-en.txt
history_pbnilist.txt
license.txt
bench.xls
todo.txt

list.ico

makedistzip.bat
distfiles.lst

pb_src
